12-23 14:02 root         INFO     Temp directory is: /var/folders/v4/rnmgvyx536zb3b5_drtjrt3r0000gn/T/pamPredict__9mnjmyc
12-23 14:02 root         INFO     Retriving fastas- forward and reverse from a genbanke file
12-23 14:02 root         INFO     Mapping pam to the genome
12-23 14:02 root         INFO     Retrieving target sequence for matching PAM : /var/folders/v4/rnmgvyx536zb3b5_drtjrt3r0000gn/T/pamPredict__9mnjmyc
12-23 14:03 root         INFO     Parsing target sequence into two: 1)proxitopam and 2) distaltopam
12-23 14:03 root         INFO     Filtering parse target sequence based on Levenshtein distance using NMSLIB index, with knn=1
12-23 14:03 nmslib       INFO     NN                  = 10
12-23 14:03 nmslib       INFO     efConstruction_     = 10
12-23 14:03 nmslib       INFO     indexThreadQty      = 4
12-23 14:03 nmslib       INFO     useProxyDist        = 0
12-23 14:03 nmslib       INFO     Set SmallWorldRand query-time parameters:
12-23 14:03 nmslib       INFO     efSearch           =10
12-23 14:03 nmslib       INFO     algoType           =0
12-23 14:03 nmslib       INFO     Current nextNodeId: 0 futureNextNodeId + 1 after batch addition: 102792
12-23 14:03 nmslib       INFO     4 indexing threads have finished
12-23 14:03 nmslib       INFO     The number of data points: 102792 NextNodeId_ = 102792
12-23 14:03 nmslib       DEBUG    Destroying Index
12-23 14:03 root         INFO     Retrieving CDS/gene information for each record in the genebank file
12-23 14:03 root         INFO     Mapping features downstream and upstream of target sequence
12-23 14:03 root         INFO     Merging downstream and upstream features.Columns with suffix _x represents information from downstream whereas suffix with _y represent that of upstream
