04-05 23:56 root         INFO     Temp directory is: /var/folders/hg/7_08r35x6yz1287dc3mg4xfc0000gn/T/pamPredict__rqoehco
04-05 23:56 root         INFO     Retriving fastas- forward and reverse from a genbanke file
04-05 23:56 root         INFO     Mapping pam to the genome
04-05 23:56 root         INFO     Retrieving target sequence for matching PAM : /var/folders/hg/7_08r35x6yz1287dc3mg4xfc0000gn/T/pamPredict__rqoehco
04-05 23:56 root         INFO     Parsing target sequence into two: 1)proxitopam and 2) distaltopam
04-05 23:56 root         INFO     Filtering parse target sequence based on Levenshtein distance using NMSLIB index, with knn=1
04-05 23:56 nmslib       INFO     NN                  = 10
04-05 23:56 nmslib       INFO     efConstruction_     = 10
04-05 23:56 nmslib       INFO     indexThreadQty      = 4
04-05 23:56 nmslib       INFO     useProxyDist        = 0
04-05 23:56 nmslib       INFO     Set SmallWorldRand query-time parameters:
04-05 23:56 nmslib       INFO     efSearch           =10
04-05 23:56 nmslib       INFO     algoType           =0
04-05 23:56 nmslib       INFO     Current nextNodeId: 0 futureNextNodeId + 1 after batch addition: 42625
04-05 23:56 nmslib       INFO     4 indexing threads have finished
04-05 23:56 nmslib       INFO     The number of data points: 42625 NextNodeId_ = 42625
04-05 23:56 nmslib       DEBUG    Destroying Index
04-05 23:56 root         INFO     Retrieving CDS/gene information for each record in the genebank file
04-05 23:56 root         INFO     Mapping features downstream and upstream of target sequence
04-05 23:56 root         INFO     Merging downstream and upstream features.Columns with suffix _x represents information from downstream whereas suffix with _y represent that of upstream
