05-01 06:59 root         INFO     Temp directory is: /var/folders/hg/7_08r35x6yz1287dc3mg4xfc0000gn/T/pamPredict_18_hpt98
05-01 06:59 root         INFO     Retriving fastas- forward and reverse from a genbanke file
05-01 07:00 root         INFO     Mapping pam to the genome
05-01 07:00 root         INFO     Retrieving target sequence for matching PAM : /var/folders/hg/7_08r35x6yz1287dc3mg4xfc0000gn/T/pamPredict_18_hpt98
05-01 07:00 root         INFO     Parsing target sequence into two: 1)proxitopam and 2) distaltopam
05-01 07:00 root         INFO     Filtering parse target sequence based on Levenshtein distance using NMSLIB index, with knn=1
05-01 07:00 nmslib       INFO     NN                  = 10
05-01 07:00 nmslib       INFO     efConstruction_     = 10
05-01 07:00 nmslib       INFO     indexThreadQty      = 4
05-01 07:00 nmslib       INFO     useProxyDist        = 0
05-01 07:00 nmslib       INFO     Set SmallWorldRand query-time parameters:
05-01 07:00 nmslib       INFO     efSearch           =10
05-01 07:00 nmslib       INFO     algoType           =0
05-01 07:00 nmslib       INFO     Current nextNodeId: 0 futureNextNodeId + 1 after batch addition: 22891
05-01 07:00 nmslib       INFO     4 indexing threads have finished
05-01 07:00 nmslib       INFO     The number of data points: 22891 NextNodeId_ = 22891
05-01 07:00 nmslib       DEBUG    Destroying Index
05-01 07:00 root         INFO     Retrieving CDS/gene information for each record in the genebank file
05-01 07:00 root         INFO     Mapping features downstream and upstream of target sequence
05-01 07:00 root         INFO     Merging downstream and upstream features.Columns with suffix _x represents information from downstream whereas suffix with _y represent that of upstream
05-01 07:00 werkzeug     INFO     127.0.0.1 - - [01/May/2020 07:00:13] "[37mPOST /handle_form HTTP/1.1[0m" 200 -
05-01 07:00 werkzeug     INFO     127.0.0.1 - - [01/May/2020 07:00:13] "[37mGET /serverside?a=b&sEcho=1&iColumns=40&sColumns=%2C%2C%2C%2C%2C%2C%2C%2C%2C%2C%2C%2C%2C%2C%2C%2C%2C%2C%2C%2C%2C%2C%2C%2C%2C%2C%2C%2C%2C%2C%2C%2C%2C%2C%2C%2C%2C%2C%2C&iDisplayStart=0&iDisplayLength=10&mDataProp_0=accession_x&sSearch_0=&bRegex_0=false&bSearchable_0=true&bSortable_0=true&mDataProp_1=accession_y&sSearch_1=&bRegex_1=false&bSearchable_1=true&bSortable_1=true&mDataProp_2=db_xref_x&sSearch_2=&bRegex_2=false&bSearchable_2=true&bSortable_2=true&mDataProp_3=db_xref_y&sSearch_3=&bRegex_3=false&bSearchable_3=true&bSortable_3=true&mDataProp_4=distaltopam&sSearch_4=&bRegex_4=false&bSearchable_4=true&bSortable_4=true&mDataProp_5=distance_x&sSearch_5=&bRegex_5=false&bSearchable_5=true&bSortable_5=true&mDataProp_6=distance_y&sSearch_6=&bRegex_6=false&bSearchable_6=true&bSortable_6=true&mDataProp_7=gene_synonym_x&sSearch_7=&bRegex_7=false&bSearchable_7=true&bSortable_7=true&mDataProp_8=gene_synonym_y&sSearch_8=&bRegex_8=false&bSearchable_8=true&bSortable_8=true&mDataProp_9=locus_tag_x&sSearch_9=&bRegex_9=false&bSearchable_9=true&bSortable_9=true&mDataProp_10=locus_tag_y&sSearch_10=&bRegex_10=false&bSearchable_10=true&bSortable_10=true&mDataProp_11=name_x&sSearch_11=&bRegex_11=false&bSearchable_11=true&bSortable_11=true&mDataProp_12=name_y&sSearch_12=&bRegex_12=false&bSearchable_12=true&bSortable_12=true&mDataProp_13=note_x&sSearch_13=&bRegex_13=false&bSearchable_13=true&bSortable_13=true&mDataProp_14=note_y&sSearch_14=&bRegex_14=false&bSearchable_14=true&bSortable_14=true&mDataProp_15=pam_seq&sSearch_15=&bRegex_15=false&bSearchable_15=true&bSortable_15=true&mDataProp_16=product_name_confidence_x&sSearch_16=&bRegex_16=false&bSearchable_16=true&bSortable_16=true&mDataProp_17=product_name_confidence_y&sSearch_17=&bRegex_17=false&bSearchable_17=true&bSortable_17=true&mDataProp_18=product_synonym_x&sSearch_18=&bRegex_18=false&bSearchable_18=true&bSortable_18=true&mDataProp_19=product_synonym_y&sSearch_19=&bRegex_19=false&bSearchable_19=true&bSortable_19=true&mDataProp_20=product_x&sSearch_20=&bRegex_20=false&bSearchable_20=true&bSortable_20=true&mDataProp_21=product_y&sSearch_21=&bRegex_21=false&bSearchable_21=true&bSortable_21=true&mDataProp_22=protein_id_x&sSearch_22=&bRegex_22=false&bSearchable_22=true&bSortable_22=true&mDataProp_23=protein_id_y&sSearch_23=&bRegex_23=false&bSearchable_23=true&bSortable_23=true&mDataProp_24=proxitopam&sSearch_24=&bRegex_24=false&bSearchable_24=true&bSortable_24=true&mDataProp_25=seqid&sSearch_25=&bRegex_25=false&bSearchable_25=true&bSortable_25=true&mDataProp_26=start_x&sSearch_26=&bRegex_26=false&bSearchable_26=true&bSortable_26=true&mDataProp_27=start_y&sSearch_27=&bRegex_27=false&bSearchable_27=true&bSortable_27=true&mDataProp_28=stop_x&sSearch_28=&bRegex_28=false&bSearchable_28=true&bSortable_28=true&mDataProp_29=stop_y&sSearch_29=&bRegex_29=false&bSearchable_29=true&bSortable_29=true&mDataProp_30=strand&sSearch_30=&bRegex_30=false&bSearchable_30=true&bSortable_30=true&mDataProp_31=strand_for_feature_x&sSearch_31=&bRegex_31=false&bSearchable_31=true&bSortable_31=true&mDataProp_32=strand_for_feature_y&sSearch_32=&bRegex_32=false&bSearchable_32=true&bSortable_32=true&mDataProp_33=target&sSearch_33=&bRegex_33=false&bSearchable_33=true&bSortable_33=true&mDataProp_34=target_ep&sSearch_34=&bRegex_34=false&bSearchable_34=true&bSortable_34=true&mDataProp_35=target_sp&sSearch_35=&bRegex_35=false&bSearchable_35=true&bSortable_35=true&mDataProp_36=translation_x&sSearch_36=&bRegex_36=false&bSearchable_36=true&bSortable_36=true&mDataProp_37=translation_y&sSearch_37=&bRegex_37=false&bSearchable_37=true&bSortable_37=true&mDataProp_38=type_x&sSearch_38=&bRegex_38=false&bSearchable_38=true&bSortable_38=true&mDataProp_39=type_y&sSearch_39=&bRegex_39=false&bSearchable_39=true&bSortable_39=true&sSearch=&bRegex=false&iSortCol_0=0&sSortDir_0=asc&iSortingCols=1&_=1588330813263 HTTP/1.1[0m" 200 -
05-01 07:00 werkzeug     INFO     127.0.0.1 - - [01/May/2020 07:00:17] "[37mGET /exportlogs HTTP/1.1[0m" 200 -
